<?xml version="1.0" encoding="UTF-8"?>
<coverage generated="1646168031635" clover="3.2.0">
  <project timestamp="1646168031636" name="All files">
    <metrics statements="78" coveredstatements="76" conditionals="37" coveredconditionals="34" methods="16" coveredmethods="15" elements="131" coveredelements="125" complexity="0" loc="78" ncloc="78" packages="2" files="7" classes="7"/>
    <package name="src">
      <metrics statements="29" coveredstatements="29" conditionals="15" coveredconditionals="14" methods="4" coveredmethods="4"/>
      <file name="genDiff.js" path="/home/semyon/Рабочий стол/frontend-project-lvl2/src/genDiff.js">
        <metrics statements="6" coveredstatements="6" conditionals="1" coveredconditionals="0" methods="1" coveredmethods="1"/>
        <line num="5" count="1" type="cond" truecount="0" falsecount="1"/>
        <line num="6" count="6" type="stmt"/>
        <line num="7" count="6" type="stmt"/>
        <line num="9" count="6" type="stmt"/>
        <line num="11" count="6" type="stmt"/>
        <line num="13" count="6" type="stmt"/>
      </file>
      <file name="parsers.js" path="/home/semyon/Рабочий стол/frontend-project-lvl2/src/parsers.js">
        <metrics statements="6" coveredstatements="6" conditionals="4" coveredconditionals="4" methods="1" coveredmethods="1"/>
        <line num="5" count="1" type="stmt"/>
        <line num="6" count="12" type="stmt"/>
        <line num="7" count="12" type="stmt"/>
        <line num="8" count="12" type="cond" truecount="4" falsecount="0"/>
        <line num="9" count="6" type="stmt"/>
        <line num="11" count="6" type="stmt"/>
      </file>
      <file name="tree.js" path="/home/semyon/Рабочий стол/frontend-project-lvl2/src/tree.js">
        <metrics statements="17" coveredstatements="17" conditionals="10" coveredconditionals="10" methods="2" coveredmethods="2"/>
        <line num="3" count="1" type="stmt"/>
        <line num="4" count="22" type="stmt"/>
        <line num="5" count="22" type="stmt"/>
        <line num="6" count="22" type="stmt"/>
        <line num="10" count="22" type="stmt"/>
        <line num="11" count="82" type="stmt"/>
        <line num="12" count="82" type="stmt"/>
        <line num="14" count="82" type="cond" truecount="4" falsecount="0"/>
        <line num="15" count="16" type="stmt"/>
        <line num="21" count="66" type="cond" truecount="2" falsecount="0"/>
        <line num="22" count="22" type="stmt"/>
        <line num="28" count="44" type="cond" truecount="2" falsecount="0"/>
        <line num="29" count="12" type="stmt"/>
        <line num="35" count="32" type="cond" truecount="2" falsecount="0"/>
        <line num="36" count="18" type="stmt"/>
        <line num="42" count="14" type="stmt"/>
        <line num="48" count="22" type="stmt"/>
      </file>
    </package>
    <package name="src.formatters">
      <metrics statements="49" coveredstatements="47" conditionals="22" coveredconditionals="20" methods="12" coveredmethods="11"/>
      <file name="index.js" path="/home/semyon/Рабочий стол/frontend-project-lvl2/src/formatters/index.js">
        <metrics statements="6" coveredstatements="4" conditionals="4" coveredconditionals="2" methods="1" coveredmethods="1"/>
        <line num="5" count="1" type="stmt"/>
        <line num="6" count="6" type="cond" truecount="2" falsecount="2"/>
        <line num="8" count="4" type="stmt"/>
        <line num="10" count="2" type="stmt"/>
        <line num="12" count="0" type="stmt"/>
        <line num="14" count="0" type="stmt"/>
      </file>
      <file name="json.js" path="/home/semyon/Рабочий стол/frontend-project-lvl2/src/formatters/json.js">
        <metrics statements="1" coveredstatements="1" conditionals="0" coveredconditionals="0" methods="1" coveredmethods="0"/>
        <line num="1" count="1" type="stmt"/>
      </file>
      <file name="plain.js" path="/home/semyon/Рабочий стол/frontend-project-lvl2/src/formatters/plain.js">
        <metrics statements="18" coveredstatements="18" conditionals="10" coveredconditionals="10" methods="5" coveredmethods="5"/>
        <line num="3" count="1" type="stmt"/>
        <line num="4" count="26" type="cond" truecount="2" falsecount="0"/>
        <line num="5" count="6" type="stmt"/>
        <line num="7" count="20" type="cond" truecount="2" falsecount="0"/>
        <line num="8" count="14" type="stmt"/>
        <line num="10" count="6" type="stmt"/>
        <line num="13" count="1" type="stmt"/>
        <line num="14" count="10" type="cond" truecount="1" falsecount="0"/>
        <line num="18" count="36" type="stmt"/>
        <line num="19" count="36" type="stmt"/>
        <line num="20" count="36" type="cond" truecount="5" falsecount="0"/>
        <line num="22" count="8" type="stmt"/>
        <line num="24" count="10" type="stmt"/>
        <line num="26" count="4" type="stmt"/>
        <line num="28" count="8" type="stmt"/>
        <line num="30" count="6" type="stmt"/>
        <line num="33" count="2" type="stmt"/>
        <line num="35" count="28" type="stmt"/>
      </file>
      <file name="stylish.js" path="/home/semyon/Рабочий стол/frontend-project-lvl2/src/formatters/stylish.js">
        <metrics statements="24" coveredstatements="24" conditionals="8" coveredconditionals="8" methods="5" coveredmethods="5"/>
        <line num="3" count="1" type="stmt"/>
        <line num="4" count="1" type="stmt"/>
        <line num="6" count="1" type="cond" truecount="1" falsecount="0"/>
        <line num="7" count="12" type="stmt"/>
        <line num="8" count="66" type="cond" truecount="2" falsecount="0"/>
        <line num="9" count="52" type="stmt"/>
        <line num="12" count="14" type="stmt"/>
        <line num="13" count="14" type="stmt"/>
        <line num="14" count="14" type="stmt"/>
        <line num="15" count="14" type="stmt"/>
        <line num="17" count="18" type="stmt"/>
        <line num="19" count="14" type="stmt"/>
        <line num="25" count="12" type="stmt"/>
        <line num="26" count="12" type="stmt"/>
        <line num="27" count="12" type="stmt"/>
        <line num="28" count="12" type="stmt"/>
        <line num="31" count="46" type="cond" truecount="5" falsecount="0"/>
        <line num="33" count="8" type="stmt"/>
        <line num="35" count="12" type="stmt"/>
        <line num="37" count="8" type="stmt"/>
        <line num="39" count="10" type="stmt"/>
        <line num="41" count="8" type="stmt"/>
        <line num="44" count="12" type="stmt"/>
        <line num="51" count="4" type="stmt"/>
      </file>
    </package>
  </project>
</coverage>
