{"/home/semyon/Рабочий стол/frontend-project-lvl2/src/genDiff.js": {"path":"/home/semyon/Рабочий стол/frontend-project-lvl2/src/genDiff.js","statementMap":{"0":{"start":{"line":6,"column":16},"end":{"line":13,"column":1}},"1":{"start":{"line":7,"column":16},"end":{"line":7,"column":32}},"2":{"start":{"line":8,"column":16},"end":{"line":8,"column":32}},"3":{"start":{"line":10,"column":14},"end":{"line":10,"column":35}},"4":{"start":{"line":12,"column":2},"end":{"line":12,"column":21}}},"fnMap":{"0":{"name":"(anonymous_0)","decl":{"start":{"line":6,"column":16},"end":{"line":6,"column":17}},"loc":{"start":{"line":6,"column":42},"end":{"line":13,"column":1}},"line":6}},"branchMap":{},"s":{"0":1,"1":4,"2":4,"3":4,"4":4},"f":{"0":4},"b":{},"_coverageSchema":"1a1c01bbd47fc00a2c39e90264f33305004495a9","hash":"73f509ba82aa57911407a92349d5f86fdace2a9c"}
,"/home/semyon/Рабочий стол/frontend-project-lvl2/src/parsers.js": {"path":"/home/semyon/Рабочий стол/frontend-project-lvl2/src/parsers.js","statementMap":{"0":{"start":{"line":5,"column":18},"end":{"line":12,"column":1}},"1":{"start":{"line":6,"column":17},"end":{"line":6,"column":35}},"2":{"start":{"line":7,"column":16},"end":{"line":7,"column":43}},"3":{"start":{"line":8,"column":2},"end":{"line":10,"column":3}},"4":{"start":{"line":9,"column":4},"end":{"line":9,"column":28}},"5":{"start":{"line":11,"column":2},"end":{"line":11,"column":27}}},"fnMap":{"0":{"name":"(anonymous_0)","decl":{"start":{"line":5,"column":18},"end":{"line":5,"column":19}},"loc":{"start":{"line":5,"column":28},"end":{"line":12,"column":1}},"line":5}},"branchMap":{"0":{"loc":{"start":{"line":8,"column":2},"end":{"line":10,"column":3}},"type":"if","locations":[{"start":{"line":8,"column":2},"end":{"line":10,"column":3}},{"start":{},"end":{}}],"line":8},"1":{"loc":{"start":{"line":8,"column":6},"end":{"line":8,"column":45}},"type":"binary-expr","locations":[{"start":{"line":8,"column":6},"end":{"line":8,"column":24}},{"start":{"line":8,"column":28},"end":{"line":8,"column":45}}],"line":8}},"s":{"0":1,"1":8,"2":8,"3":8,"4":4,"5":4},"f":{"0":8},"b":{"0":[4,4],"1":[8,4]},"_coverageSchema":"1a1c01bbd47fc00a2c39e90264f33305004495a9","hash":"d0a57090a687705565e2192dad3b215eab358ec4"}
,"/home/semyon/Рабочий стол/frontend-project-lvl2/src/tree.js": {"path":"/home/semyon/Рабочий стол/frontend-project-lvl2/src/tree.js","statementMap":{"0":{"start":{"line":3,"column":16},"end":{"line":49,"column":1}},"1":{"start":{"line":4,"column":16},"end":{"line":4,"column":29}},"2":{"start":{"line":5,"column":16},"end":{"line":5,"column":29}},"3":{"start":{"line":6,"column":15},"end":{"line":6,"column":46}},"4":{"start":{"line":10,"column":19},"end":{"line":47,"column":4}},"5":{"start":{"line":11,"column":19},"end":{"line":11,"column":29}},"6":{"start":{"line":12,"column":19},"end":{"line":12,"column":29}},"7":{"start":{"line":14,"column":4},"end":{"line":20,"column":5}},"8":{"start":{"line":15,"column":6},"end":{"line":19,"column":8}},"9":{"start":{"line":21,"column":4},"end":{"line":27,"column":5}},"10":{"start":{"line":22,"column":6},"end":{"line":26,"column":8}},"11":{"start":{"line":28,"column":4},"end":{"line":34,"column":5}},"12":{"start":{"line":29,"column":6},"end":{"line":33,"column":8}},"13":{"start":{"line":35,"column":4},"end":{"line":41,"column":5}},"14":{"start":{"line":36,"column":6},"end":{"line":40,"column":8}},"15":{"start":{"line":42,"column":4},"end":{"line":46,"column":6}},"16":{"start":{"line":48,"column":2},"end":{"line":48,"column":18}}},"fnMap":{"0":{"name":"(anonymous_0)","decl":{"start":{"line":3,"column":16},"end":{"line":3,"column":17}},"loc":{"start":{"line":3,"column":34},"end":{"line":49,"column":1}},"line":3},"1":{"name":"(anonymous_1)","decl":{"start":{"line":10,"column":28},"end":{"line":10,"column":29}},"loc":{"start":{"line":10,"column":37},"end":{"line":47,"column":3}},"line":10}},"branchMap":{"0":{"loc":{"start":{"line":14,"column":4},"end":{"line":20,"column":5}},"type":"if","locations":[{"start":{"line":14,"column":4},"end":{"line":20,"column":5}},{"start":{},"end":{}}],"line":14},"1":{"loc":{"start":{"line":14,"column":8},"end":{"line":14,"column":48}},"type":"binary-expr","locations":[{"start":{"line":14,"column":8},"end":{"line":14,"column":26}},{"start":{"line":14,"column":30},"end":{"line":14,"column":48}}],"line":14},"2":{"loc":{"start":{"line":21,"column":4},"end":{"line":27,"column":5}},"type":"if","locations":[{"start":{"line":21,"column":4},"end":{"line":27,"column":5}},{"start":{},"end":{}}],"line":21},"3":{"loc":{"start":{"line":28,"column":4},"end":{"line":34,"column":5}},"type":"if","locations":[{"start":{"line":28,"column":4},"end":{"line":34,"column":5}},{"start":{},"end":{}}],"line":28},"4":{"loc":{"start":{"line":35,"column":4},"end":{"line":41,"column":5}},"type":"if","locations":[{"start":{"line":35,"column":4},"end":{"line":41,"column":5}},{"start":{},"end":{}}],"line":35}},"s":{"0":1,"1":12,"2":12,"3":12,"4":12,"5":46,"6":46,"7":46,"8":8,"9":38,"10":12,"11":26,"12":8,"13":18,"14":10,"15":8,"16":12},"f":{"0":12,"1":46},"b":{"0":[8,38],"1":[46,12],"2":[12,26],"3":[8,18],"4":[10,8]},"_coverageSchema":"1a1c01bbd47fc00a2c39e90264f33305004495a9","hash":"aeb6deb1d74dc7a5e1d3763d7cf28814e790f2cc"}
,"/home/semyon/Рабочий стол/frontend-project-lvl2/src/formatters/stylish.js": {"path":"/home/semyon/Рабочий стол/frontend-project-lvl2/src/formatters/stylish.js","statementMap":{"0":{"start":{"line":3,"column":17},"end":{"line":3,"column":20}},"1":{"start":{"line":4,"column":20},"end":{"line":4,"column":21}},"2":{"start":{"line":6,"column":18},"end":{"line":49,"column":1}},"3":{"start":{"line":8,"column":15},"end":{"line":25,"column":3}},"4":{"start":{"line":9,"column":4},"end":{"line":11,"column":5}},"5":{"start":{"line":10,"column":6},"end":{"line":10,"column":31}},"6":{"start":{"line":13,"column":23},"end":{"line":13,"column":42}},"7":{"start":{"line":14,"column":26},"end":{"line":14,"column":53}},"8":{"start":{"line":15,"column":26},"end":{"line":15,"column":67}},"9":{"start":{"line":16,"column":18},"end":{"line":18,"column":77}},"10":{"start":{"line":18,"column":27},"end":{"line":18,"column":76}},"11":{"start":{"line":20,"column":4},"end":{"line":24,"column":17}},"12":{"start":{"line":26,"column":21},"end":{"line":26,"column":44}},"13":{"start":{"line":27,"column":24},"end":{"line":27,"column":51}},"14":{"start":{"line":28,"column":24},"end":{"line":28,"column":55}},"15":{"start":{"line":29,"column":17},"end":{"line":43,"column":4}},"16":{"start":{"line":30,"column":4},"end":{"line":41,"column":5}},"17":{"start":{"line":32,"column":8},"end":{"line":32,"column":77}},"18":{"start":{"line":34,"column":8},"end":{"line":34,"column":69}},"19":{"start":{"line":36,"column":8},"end":{"line":36,"column":69}},"20":{"start":{"line":38,"column":8},"end":{"line":38,"column":135}},"21":{"start":{"line":40,"column":8},"end":{"line":40,"column":69}},"22":{"start":{"line":44,"column":2},"end":{"line":48,"column":15}},"23":{"start":{"line":51,"column":16},"end":{"line":51,"column":41}},"24":{"start":{"line":51,"column":26},"end":{"line":51,"column":41}}},"fnMap":{"0":{"name":"(anonymous_0)","decl":{"start":{"line":6,"column":18},"end":{"line":6,"column":19}},"loc":{"start":{"line":6,"column":40},"end":{"line":49,"column":1}},"line":6},"1":{"name":"(anonymous_1)","decl":{"start":{"line":8,"column":15},"end":{"line":8,"column":16}},"loc":{"start":{"line":8,"column":40},"end":{"line":25,"column":3}},"line":8},"2":{"name":"(anonymous_2)","decl":{"start":{"line":18,"column":11},"end":{"line":18,"column":12}},"loc":{"start":{"line":18,"column":27},"end":{"line":18,"column":76}},"line":18},"3":{"name":"(anonymous_3)","decl":{"start":{"line":29,"column":31},"end":{"line":29,"column":32}},"loc":{"start":{"line":29,"column":65},"end":{"line":43,"column":3}},"line":29},"4":{"name":"(anonymous_4)","decl":{"start":{"line":51,"column":16},"end":{"line":51,"column":17}},"loc":{"start":{"line":51,"column":26},"end":{"line":51,"column":41}},"line":51}},"branchMap":{"0":{"loc":{"start":{"line":6,"column":26},"end":{"line":6,"column":35}},"type":"default-arg","locations":[{"start":{"line":6,"column":34},"end":{"line":6,"column":35}}],"line":6},"1":{"loc":{"start":{"line":9,"column":4},"end":{"line":11,"column":5}},"type":"if","locations":[{"start":{"line":9,"column":4},"end":{"line":11,"column":5}},{"start":{},"end":{}}],"line":9},"2":{"loc":{"start":{"line":30,"column":4},"end":{"line":41,"column":5}},"type":"switch","locations":[{"start":{"line":31,"column":6},"end":{"line":32,"column":77}},{"start":{"line":33,"column":6},"end":{"line":34,"column":69}},{"start":{"line":35,"column":6},"end":{"line":36,"column":69}},{"start":{"line":37,"column":6},"end":{"line":38,"column":135}},{"start":{"line":39,"column":6},"end":{"line":40,"column":69}}],"line":30}},"s":{"0":1,"1":1,"2":1,"3":12,"4":66,"5":52,"6":14,"7":14,"8":14,"9":14,"10":18,"11":14,"12":12,"13":12,"14":12,"15":12,"16":46,"17":8,"18":12,"19":8,"20":10,"21":8,"22":12,"23":1,"24":4},"f":{"0":12,"1":66,"2":18,"3":46,"4":4},"b":{"0":[4],"1":[52,14],"2":[8,12,8,10,8]},"_coverageSchema":"1a1c01bbd47fc00a2c39e90264f33305004495a9","hash":"5f2b961e6828523dc6dbf72d90b6f004933a1d84"}
}
