{"/home/semyon/Рабочий стол/frontend-project-lvl2/src/genDiff.js": {"path":"/home/semyon/Рабочий стол/frontend-project-lvl2/src/genDiff.js","statementMap":{"0":{"start":{"line":5,"column":16},"end":{"line":14,"column":1}},"1":{"start":{"line":6,"column":16},"end":{"line":6,"column":32}},"2":{"start":{"line":7,"column":16},"end":{"line":7,"column":32}},"3":{"start":{"line":9,"column":14},"end":{"line":9,"column":35}},"4":{"start":{"line":11,"column":15},"end":{"line":11,"column":38}},"5":{"start":{"line":13,"column":2},"end":{"line":13,"column":14}}},"fnMap":{"0":{"name":"(anonymous_0)","decl":{"start":{"line":5,"column":16},"end":{"line":5,"column":17}},"loc":{"start":{"line":5,"column":66},"end":{"line":14,"column":1}},"line":5}},"branchMap":{"0":{"loc":{"start":{"line":5,"column":39},"end":{"line":5,"column":61}},"type":"default-arg","locations":[{"start":{"line":5,"column":52},"end":{"line":5,"column":61}}],"line":5}},"s":{"0":1,"1":6,"2":6,"3":6,"4":6,"5":6},"f":{"0":6},"b":{"0":[0]},"_coverageSchema":"1a1c01bbd47fc00a2c39e90264f33305004495a9","hash":"74a9f5dcb22318cdc061c929431544063b5769f6"}
,"/home/semyon/Рабочий стол/frontend-project-lvl2/src/parsers.js": {"path":"/home/semyon/Рабочий стол/frontend-project-lvl2/src/parsers.js","statementMap":{"0":{"start":{"line":5,"column":18},"end":{"line":12,"column":1}},"1":{"start":{"line":6,"column":17},"end":{"line":6,"column":35}},"2":{"start":{"line":7,"column":16},"end":{"line":7,"column":43}},"3":{"start":{"line":8,"column":2},"end":{"line":10,"column":3}},"4":{"start":{"line":9,"column":4},"end":{"line":9,"column":28}},"5":{"start":{"line":11,"column":2},"end":{"line":11,"column":27}}},"fnMap":{"0":{"name":"(anonymous_0)","decl":{"start":{"line":5,"column":18},"end":{"line":5,"column":19}},"loc":{"start":{"line":5,"column":28},"end":{"line":12,"column":1}},"line":5}},"branchMap":{"0":{"loc":{"start":{"line":8,"column":2},"end":{"line":10,"column":3}},"type":"if","locations":[{"start":{"line":8,"column":2},"end":{"line":10,"column":3}},{"start":{},"end":{}}],"line":8},"1":{"loc":{"start":{"line":8,"column":6},"end":{"line":8,"column":45}},"type":"binary-expr","locations":[{"start":{"line":8,"column":6},"end":{"line":8,"column":24}},{"start":{"line":8,"column":28},"end":{"line":8,"column":45}}],"line":8}},"s":{"0":1,"1":12,"2":12,"3":12,"4":6,"5":6},"f":{"0":12},"b":{"0":[6,6],"1":[12,6]},"_coverageSchema":"1a1c01bbd47fc00a2c39e90264f33305004495a9","hash":"d0a57090a687705565e2192dad3b215eab358ec4"}
,"/home/semyon/Рабочий стол/frontend-project-lvl2/src/tree.js": {"path":"/home/semyon/Рабочий стол/frontend-project-lvl2/src/tree.js","statementMap":{"0":{"start":{"line":3,"column":16},"end":{"line":49,"column":1}},"1":{"start":{"line":4,"column":16},"end":{"line":4,"column":29}},"2":{"start":{"line":5,"column":16},"end":{"line":5,"column":29}},"3":{"start":{"line":6,"column":15},"end":{"line":6,"column":46}},"4":{"start":{"line":10,"column":19},"end":{"line":47,"column":4}},"5":{"start":{"line":11,"column":19},"end":{"line":11,"column":29}},"6":{"start":{"line":12,"column":19},"end":{"line":12,"column":29}},"7":{"start":{"line":14,"column":4},"end":{"line":20,"column":5}},"8":{"start":{"line":15,"column":6},"end":{"line":19,"column":8}},"9":{"start":{"line":21,"column":4},"end":{"line":27,"column":5}},"10":{"start":{"line":22,"column":6},"end":{"line":26,"column":8}},"11":{"start":{"line":28,"column":4},"end":{"line":34,"column":5}},"12":{"start":{"line":29,"column":6},"end":{"line":33,"column":8}},"13":{"start":{"line":35,"column":4},"end":{"line":41,"column":5}},"14":{"start":{"line":36,"column":6},"end":{"line":40,"column":8}},"15":{"start":{"line":42,"column":4},"end":{"line":46,"column":6}},"16":{"start":{"line":48,"column":2},"end":{"line":48,"column":18}}},"fnMap":{"0":{"name":"(anonymous_0)","decl":{"start":{"line":3,"column":16},"end":{"line":3,"column":17}},"loc":{"start":{"line":3,"column":34},"end":{"line":49,"column":1}},"line":3},"1":{"name":"(anonymous_1)","decl":{"start":{"line":10,"column":28},"end":{"line":10,"column":29}},"loc":{"start":{"line":10,"column":37},"end":{"line":47,"column":3}},"line":10}},"branchMap":{"0":{"loc":{"start":{"line":14,"column":4},"end":{"line":20,"column":5}},"type":"if","locations":[{"start":{"line":14,"column":4},"end":{"line":20,"column":5}},{"start":{},"end":{}}],"line":14},"1":{"loc":{"start":{"line":14,"column":8},"end":{"line":14,"column":48}},"type":"binary-expr","locations":[{"start":{"line":14,"column":8},"end":{"line":14,"column":26}},{"start":{"line":14,"column":30},"end":{"line":14,"column":48}}],"line":14},"2":{"loc":{"start":{"line":21,"column":4},"end":{"line":27,"column":5}},"type":"if","locations":[{"start":{"line":21,"column":4},"end":{"line":27,"column":5}},{"start":{},"end":{}}],"line":21},"3":{"loc":{"start":{"line":28,"column":4},"end":{"line":34,"column":5}},"type":"if","locations":[{"start":{"line":28,"column":4},"end":{"line":34,"column":5}},{"start":{},"end":{}}],"line":28},"4":{"loc":{"start":{"line":35,"column":4},"end":{"line":41,"column":5}},"type":"if","locations":[{"start":{"line":35,"column":4},"end":{"line":41,"column":5}},{"start":{},"end":{}}],"line":35}},"s":{"0":1,"1":22,"2":22,"3":22,"4":22,"5":82,"6":82,"7":82,"8":16,"9":66,"10":22,"11":44,"12":12,"13":32,"14":18,"15":14,"16":22},"f":{"0":22,"1":82},"b":{"0":[16,66],"1":[82,24],"2":[22,44],"3":[12,32],"4":[18,14]},"_coverageSchema":"1a1c01bbd47fc00a2c39e90264f33305004495a9","hash":"aeb6deb1d74dc7a5e1d3763d7cf28814e790f2cc"}
,"/home/semyon/Рабочий стол/frontend-project-lvl2/src/formatters/index.js": {"path":"/home/semyon/Рабочий стол/frontend-project-lvl2/src/formatters/index.js","statementMap":{"0":{"start":{"line":5,"column":15},"end":{"line":16,"column":1}},"1":{"start":{"line":6,"column":2},"end":{"line":15,"column":3}},"2":{"start":{"line":8,"column":6},"end":{"line":8,"column":27}},"3":{"start":{"line":10,"column":6},"end":{"line":10,"column":25}},"4":{"start":{"line":12,"column":6},"end":{"line":12,"column":24}},"5":{"start":{"line":14,"column":6},"end":{"line":14,"column":32}}},"fnMap":{"0":{"name":"(anonymous_0)","decl":{"start":{"line":5,"column":15},"end":{"line":5,"column":16}},"loc":{"start":{"line":5,"column":37},"end":{"line":16,"column":1}},"line":5}},"branchMap":{"0":{"loc":{"start":{"line":6,"column":2},"end":{"line":15,"column":3}},"type":"switch","locations":[{"start":{"line":7,"column":4},"end":{"line":8,"column":27}},{"start":{"line":9,"column":4},"end":{"line":10,"column":25}},{"start":{"line":11,"column":4},"end":{"line":12,"column":24}},{"start":{"line":13,"column":4},"end":{"line":14,"column":32}}],"line":6}},"s":{"0":1,"1":6,"2":4,"3":2,"4":0,"5":0},"f":{"0":6},"b":{"0":[4,2,0,0]},"_coverageSchema":"1a1c01bbd47fc00a2c39e90264f33305004495a9","hash":"42b0d113b0e1cc8d46035b6bce14f0d904f69400"}
,"/home/semyon/Рабочий стол/frontend-project-lvl2/src/formatters/json.js": {"path":"/home/semyon/Рабочий стол/frontend-project-lvl2/src/formatters/json.js","statementMap":{"0":{"start":{"line":1,"column":13},"end":{"line":1,"column":43}},"1":{"start":{"line":1,"column":23},"end":{"line":1,"column":43}}},"fnMap":{"0":{"name":"(anonymous_0)","decl":{"start":{"line":1,"column":13},"end":{"line":1,"column":14}},"loc":{"start":{"line":1,"column":23},"end":{"line":1,"column":43}},"line":1}},"branchMap":{},"s":{"0":1,"1":0},"f":{"0":0},"b":{},"_coverageSchema":"1a1c01bbd47fc00a2c39e90264f33305004495a9","hash":"9ca0b287bb6755cd801c9b566f09b10a16d5b104"}
,"/home/semyon/Рабочий стол/frontend-project-lvl2/src/formatters/plain.js": {"path":"/home/semyon/Рабочий стол/frontend-project-lvl2/src/formatters/plain.js","statementMap":{"0":{"start":{"line":3,"column":17},"end":{"line":11,"column":1}},"1":{"start":{"line":4,"column":2},"end":{"line":6,"column":3}},"2":{"start":{"line":5,"column":4},"end":{"line":5,"column":29}},"3":{"start":{"line":7,"column":2},"end":{"line":9,"column":3}},"4":{"start":{"line":8,"column":4},"end":{"line":8,"column":24}},"5":{"start":{"line":10,"column":2},"end":{"line":10,"column":15}},"6":{"start":{"line":13,"column":14},"end":{"line":36,"column":1}},"7":{"start":{"line":14,"column":15},"end":{"line":32,"column":6}},"8":{"start":{"line":14,"column":42},"end":{"line":32,"column":6}},"9":{"start":{"line":18,"column":27},"end":{"line":18,"column":41}},"10":{"start":{"line":19,"column":24},"end":{"line":19,"column":45}},"11":{"start":{"line":20,"column":6},"end":{"line":31,"column":7}},"12":{"start":{"line":22,"column":10},"end":{"line":22,"column":45}},"13":{"start":{"line":24,"column":10},"end":{"line":24,"column":84}},"14":{"start":{"line":26,"column":10},"end":{"line":26,"column":55}},"15":{"start":{"line":28,"column":10},"end":{"line":28,"column":116}},"16":{"start":{"line":30,"column":10},"end":{"line":30,"column":24}},"17":{"start":{"line":33,"column":17},"end":{"line":33,"column":27}},"18":{"start":{"line":35,"column":2},"end":{"line":35,"column":59}},"19":{"start":{"line":35,"column":32},"end":{"line":35,"column":46}}},"fnMap":{"0":{"name":"(anonymous_0)","decl":{"start":{"line":3,"column":17},"end":{"line":3,"column":18}},"loc":{"start":{"line":3,"column":28},"end":{"line":11,"column":1}},"line":3},"1":{"name":"(anonymous_1)","decl":{"start":{"line":13,"column":14},"end":{"line":13,"column":15}},"loc":{"start":{"line":13,"column":24},"end":{"line":36,"column":1}},"line":13},"2":{"name":"(anonymous_2)","decl":{"start":{"line":14,"column":15},"end":{"line":14,"column":16}},"loc":{"start":{"line":14,"column":42},"end":{"line":32,"column":6}},"line":14},"3":{"name":"(anonymous_3)","decl":{"start":{"line":15,"column":13},"end":{"line":15,"column":14}},"loc":{"start":{"line":17,"column":10},"end":{"line":32,"column":5}},"line":17},"4":{"name":"(anonymous_4)","decl":{"start":{"line":35,"column":23},"end":{"line":35,"column":24}},"loc":{"start":{"line":35,"column":32},"end":{"line":35,"column":46}},"line":35}},"branchMap":{"0":{"loc":{"start":{"line":4,"column":2},"end":{"line":6,"column":3}},"type":"if","locations":[{"start":{"line":4,"column":2},"end":{"line":6,"column":3}},{"start":{},"end":{}}],"line":4},"1":{"loc":{"start":{"line":7,"column":2},"end":{"line":9,"column":3}},"type":"if","locations":[{"start":{"line":7,"column":2},"end":{"line":9,"column":3}},{"start":{},"end":{}}],"line":7},"2":{"loc":{"start":{"line":14,"column":28},"end":{"line":14,"column":37}},"type":"default-arg","locations":[{"start":{"line":14,"column":35},"end":{"line":14,"column":37}}],"line":14},"3":{"loc":{"start":{"line":20,"column":6},"end":{"line":31,"column":7}},"type":"switch","locations":[{"start":{"line":21,"column":8},"end":{"line":22,"column":45}},{"start":{"line":23,"column":8},"end":{"line":24,"column":84}},{"start":{"line":25,"column":8},"end":{"line":26,"column":55}},{"start":{"line":27,"column":8},"end":{"line":28,"column":116}},{"start":{"line":29,"column":8},"end":{"line":30,"column":24}}],"line":20}},"s":{"0":1,"1":26,"2":6,"3":20,"4":14,"5":6,"6":1,"7":2,"8":10,"9":36,"10":36,"11":36,"12":8,"13":10,"14":4,"15":8,"16":6,"17":2,"18":2,"19":28},"f":{"0":26,"1":2,"2":10,"3":36,"4":28},"b":{"0":[6,20],"1":[14,6],"2":[2],"3":[8,10,4,8,6]},"_coverageSchema":"1a1c01bbd47fc00a2c39e90264f33305004495a9","hash":"92f591aa64e8035fed4dc6da95a05c3adf0f9eda"}
,"/home/semyon/Рабочий стол/frontend-project-lvl2/src/formatters/stylish.js": {"path":"/home/semyon/Рабочий стол/frontend-project-lvl2/src/formatters/stylish.js","statementMap":{"0":{"start":{"line":3,"column":17},"end":{"line":3,"column":20}},"1":{"start":{"line":4,"column":20},"end":{"line":4,"column":21}},"2":{"start":{"line":6,"column":18},"end":{"line":49,"column":1}},"3":{"start":{"line":7,"column":15},"end":{"line":24,"column":3}},"4":{"start":{"line":8,"column":4},"end":{"line":10,"column":5}},"5":{"start":{"line":9,"column":6},"end":{"line":9,"column":31}},"6":{"start":{"line":12,"column":23},"end":{"line":12,"column":49}},"7":{"start":{"line":13,"column":26},"end":{"line":13,"column":53}},"8":{"start":{"line":14,"column":26},"end":{"line":14,"column":67}},"9":{"start":{"line":15,"column":18},"end":{"line":17,"column":84}},"10":{"start":{"line":17,"column":27},"end":{"line":17,"column":83}},"11":{"start":{"line":19,"column":4},"end":{"line":23,"column":17}},"12":{"start":{"line":25,"column":21},"end":{"line":25,"column":44}},"13":{"start":{"line":26,"column":24},"end":{"line":26,"column":51}},"14":{"start":{"line":27,"column":24},"end":{"line":27,"column":55}},"15":{"start":{"line":28,"column":17},"end":{"line":43,"column":4}},"16":{"start":{"line":31,"column":4},"end":{"line":42,"column":5}},"17":{"start":{"line":33,"column":8},"end":{"line":33,"column":77}},"18":{"start":{"line":35,"column":8},"end":{"line":35,"column":69}},"19":{"start":{"line":37,"column":8},"end":{"line":37,"column":69}},"20":{"start":{"line":39,"column":8},"end":{"line":39,"column":136}},"21":{"start":{"line":41,"column":8},"end":{"line":41,"column":69}},"22":{"start":{"line":44,"column":2},"end":{"line":48,"column":15}},"23":{"start":{"line":51,"column":16},"end":{"line":51,"column":41}},"24":{"start":{"line":51,"column":26},"end":{"line":51,"column":41}}},"fnMap":{"0":{"name":"(anonymous_0)","decl":{"start":{"line":6,"column":18},"end":{"line":6,"column":19}},"loc":{"start":{"line":6,"column":39},"end":{"line":49,"column":1}},"line":6},"1":{"name":"(anonymous_1)","decl":{"start":{"line":7,"column":15},"end":{"line":7,"column":16}},"loc":{"start":{"line":7,"column":47},"end":{"line":24,"column":3}},"line":7},"2":{"name":"(anonymous_2)","decl":{"start":{"line":17,"column":11},"end":{"line":17,"column":12}},"loc":{"start":{"line":17,"column":27},"end":{"line":17,"column":83}},"line":17},"3":{"name":"(anonymous_3)","decl":{"start":{"line":28,"column":30},"end":{"line":28,"column":31}},"loc":{"start":{"line":30,"column":8},"end":{"line":43,"column":3}},"line":30},"4":{"name":"(anonymous_4)","decl":{"start":{"line":51,"column":16},"end":{"line":51,"column":17}},"loc":{"start":{"line":51,"column":26},"end":{"line":51,"column":41}},"line":51}},"branchMap":{"0":{"loc":{"start":{"line":6,"column":25},"end":{"line":6,"column":34}},"type":"default-arg","locations":[{"start":{"line":6,"column":33},"end":{"line":6,"column":34}}],"line":6},"1":{"loc":{"start":{"line":8,"column":4},"end":{"line":10,"column":5}},"type":"if","locations":[{"start":{"line":8,"column":4},"end":{"line":10,"column":5}},{"start":{},"end":{}}],"line":8},"2":{"loc":{"start":{"line":31,"column":4},"end":{"line":42,"column":5}},"type":"switch","locations":[{"start":{"line":32,"column":6},"end":{"line":33,"column":77}},{"start":{"line":34,"column":6},"end":{"line":35,"column":69}},{"start":{"line":36,"column":6},"end":{"line":37,"column":69}},{"start":{"line":38,"column":6},"end":{"line":39,"column":136}},{"start":{"line":40,"column":6},"end":{"line":41,"column":69}}],"line":31}},"s":{"0":1,"1":1,"2":1,"3":12,"4":66,"5":52,"6":14,"7":14,"8":14,"9":14,"10":18,"11":14,"12":12,"13":12,"14":12,"15":12,"16":46,"17":8,"18":12,"19":8,"20":10,"21":8,"22":12,"23":1,"24":4},"f":{"0":12,"1":66,"2":18,"3":46,"4":4},"b":{"0":[4],"1":[52,14],"2":[8,12,8,10,8]},"_coverageSchema":"1a1c01bbd47fc00a2c39e90264f33305004495a9","hash":"83751d768fb534d5e85795a93a20e3c798218474"}
}
