TN:
SF:src/genDiff.js
FN:6,(anonymous_0)
FNF:1
FNH:1
FNDA:4,(anonymous_0)
DA:6,1
DA:7,4
DA:8,4
DA:10,4
DA:12,4
LF:5
LH:5
BRF:0
BRH:0
end_of_record
TN:
SF:src/parsers.js
FN:5,(anonymous_0)
FNF:1
FNH:1
FNDA:8,(anonymous_0)
DA:5,1
DA:6,8
DA:7,8
DA:8,8
DA:9,4
DA:11,4
LF:6
LH:6
BRDA:8,0,0,4
BRDA:8,0,1,4
BRDA:8,1,0,8
BRDA:8,1,1,4
BRF:4
BRH:4
end_of_record
TN:
SF:src/tree.js
FN:3,(anonymous_0)
FN:10,(anonymous_1)
FNF:2
FNH:2
FNDA:12,(anonymous_0)
FNDA:46,(anonymous_1)
DA:3,1
DA:4,12
DA:5,12
DA:6,12
DA:10,12
DA:11,46
DA:12,46
DA:14,46
DA:15,8
DA:21,38
DA:22,12
DA:28,26
DA:29,8
DA:35,18
DA:36,10
DA:42,8
DA:48,12
LF:17
LH:17
BRDA:14,0,0,8
BRDA:14,0,1,38
BRDA:14,1,0,46
BRDA:14,1,1,12
BRDA:21,2,0,12
BRDA:21,2,1,26
BRDA:28,3,0,8
BRDA:28,3,1,18
BRDA:35,4,0,10
BRDA:35,4,1,8
BRF:10
BRH:10
end_of_record
TN:
SF:src/formatters/stylish.js
FN:6,(anonymous_0)
FN:8,(anonymous_1)
FN:18,(anonymous_2)
FN:29,(anonymous_3)
FN:51,(anonymous_4)
FNF:5
FNH:5
FNDA:12,(anonymous_0)
FNDA:66,(anonymous_1)
FNDA:18,(anonymous_2)
FNDA:46,(anonymous_3)
FNDA:4,(anonymous_4)
DA:3,1
DA:4,1
DA:6,1
DA:8,12
DA:9,66
DA:10,52
DA:13,14
DA:14,14
DA:15,14
DA:16,14
DA:18,18
DA:20,14
DA:26,12
DA:27,12
DA:28,12
DA:29,12
DA:30,46
DA:32,8
DA:34,12
DA:36,8
DA:38,10
DA:40,8
DA:44,12
DA:51,4
LF:24
LH:24
BRDA:6,0,0,4
BRDA:9,1,0,52
BRDA:9,1,1,14
BRDA:30,2,0,8
BRDA:30,2,1,12
BRDA:30,2,2,8
BRDA:30,2,3,10
BRDA:30,2,4,8
BRF:8
BRH:8
end_of_record
