TN:
SF:src/genDiff.js
FN:5,(anonymous_0)
FNF:1
FNH:1
FNDA:6,(anonymous_0)
DA:5,1
DA:6,6
DA:7,6
DA:9,6
DA:11,6
DA:13,6
LF:6
LH:6
BRDA:5,0,0,0
BRF:1
BRH:0
end_of_record
TN:
SF:src/parsers.js
FN:5,(anonymous_0)
FNF:1
FNH:1
FNDA:12,(anonymous_0)
DA:5,1
DA:6,12
DA:7,12
DA:8,12
DA:9,6
DA:11,6
LF:6
LH:6
BRDA:8,0,0,6
BRDA:8,0,1,6
BRDA:8,1,0,12
BRDA:8,1,1,6
BRF:4
BRH:4
end_of_record
TN:
SF:src/tree.js
FN:3,(anonymous_0)
FN:10,(anonymous_1)
FNF:2
FNH:2
FNDA:22,(anonymous_0)
FNDA:82,(anonymous_1)
DA:3,1
DA:4,22
DA:5,22
DA:6,22
DA:10,22
DA:11,82
DA:12,82
DA:14,82
DA:15,16
DA:21,66
DA:22,22
DA:28,44
DA:29,12
DA:35,32
DA:36,18
DA:42,14
DA:48,22
LF:17
LH:17
BRDA:14,0,0,16
BRDA:14,0,1,66
BRDA:14,1,0,82
BRDA:14,1,1,24
BRDA:21,2,0,22
BRDA:21,2,1,44
BRDA:28,3,0,12
BRDA:28,3,1,32
BRDA:35,4,0,18
BRDA:35,4,1,14
BRF:10
BRH:10
end_of_record
TN:
SF:src/formatters/index.js
FN:5,(anonymous_0)
FNF:1
FNH:1
FNDA:6,(anonymous_0)
DA:5,1
DA:6,6
DA:8,4
DA:10,2
DA:12,0
DA:14,0
LF:6
LH:4
BRDA:6,0,0,4
BRDA:6,0,1,2
BRDA:6,0,2,0
BRDA:6,0,3,0
BRF:4
BRH:2
end_of_record
TN:
SF:src/formatters/json.js
FN:1,(anonymous_0)
FNF:1
FNH:0
FNDA:0,(anonymous_0)
DA:1,1
LF:1
LH:1
BRF:0
BRH:0
end_of_record
TN:
SF:src/formatters/plain.js
FN:3,(anonymous_0)
FN:13,(anonymous_1)
FN:14,(anonymous_2)
FN:15,(anonymous_3)
FN:35,(anonymous_4)
FNF:5
FNH:5
FNDA:26,(anonymous_0)
FNDA:2,(anonymous_1)
FNDA:10,(anonymous_2)
FNDA:36,(anonymous_3)
FNDA:28,(anonymous_4)
DA:3,1
DA:4,26
DA:5,6
DA:7,20
DA:8,14
DA:10,6
DA:13,1
DA:14,10
DA:18,36
DA:19,36
DA:20,36
DA:22,8
DA:24,10
DA:26,4
DA:28,8
DA:30,6
DA:33,2
DA:35,28
LF:18
LH:18
BRDA:4,0,0,6
BRDA:4,0,1,20
BRDA:7,1,0,14
BRDA:7,1,1,6
BRDA:14,2,0,2
BRDA:20,3,0,8
BRDA:20,3,1,10
BRDA:20,3,2,4
BRDA:20,3,3,8
BRDA:20,3,4,6
BRF:10
BRH:10
end_of_record
TN:
SF:src/formatters/stylish.js
FN:6,(anonymous_0)
FN:7,(anonymous_1)
FN:17,(anonymous_2)
FN:28,(anonymous_3)
FN:51,(anonymous_4)
FNF:5
FNH:5
FNDA:12,(anonymous_0)
FNDA:66,(anonymous_1)
FNDA:18,(anonymous_2)
FNDA:46,(anonymous_3)
FNDA:4,(anonymous_4)
DA:3,1
DA:4,1
DA:6,1
DA:7,12
DA:8,66
DA:9,52
DA:12,14
DA:13,14
DA:14,14
DA:15,14
DA:17,18
DA:19,14
DA:25,12
DA:26,12
DA:27,12
DA:28,12
DA:31,46
DA:33,8
DA:35,12
DA:37,8
DA:39,10
DA:41,8
DA:44,12
DA:51,4
LF:24
LH:24
BRDA:6,0,0,4
BRDA:8,1,0,52
BRDA:8,1,1,14
BRDA:31,2,0,8
BRDA:31,2,1,12
BRDA:31,2,2,8
BRDA:31,2,3,10
BRDA:31,2,4,8
BRF:8
BRH:8
end_of_record
